This is pdfTeX, Version 3.141592653-2.6-1.40.25 (MiKTeX 23.10.12) (preloaded format=pdflatex 2023.12.10)  22 DEC 2023 17:17
entering extended mode
 restricted \write18 enabled.
 %&-line parsing enabled.
**./RP.tex
(RP.tex
LaTeX2e <2023-11-01>
L3 programming layer <2023-11-09>
(D:\Tools\LaTeX\tex/latex/base\article.cls
Document Class: article 2023/05/17 v1.4n Standard LaTeX document class
(D:\Tools\LaTeX\tex/latex/base\size10.clo
File: size10.clo 2023/05/17 v1.4n Standard LaTeX file (size option)
)
\c@part=\count186
\c@section=\count187
\c@subsection=\count188
\c@subsubsection=\count189
\c@paragraph=\count190
\c@subparagraph=\count191
\c@figure=\count192
\c@table=\count193
\abovecaptionskip=\skip48
\belowcaptionskip=\skip49
\bibindent=\dimen140
)
(D:\Tools\LaTeX\tex/latex/geometry\geometry.sty
Package: geometry 2020/01/02 v5.9 Page Geometry

(D:\Tools\LaTeX\tex/latex/graphics\keyval.sty
Package: keyval 2022/05/29 v1.15 key=value parser (DPC)
\KV@toks@=\toks17
)
(D:\Tools\LaTeX\tex/generic/iftex\ifvtex.sty
Package: ifvtex 2019/10/25 v1.7 ifvtex legacy package. Use iftex instead.

(D:\Tools\LaTeX\tex/generic/iftex\iftex.sty
Package: iftex 2022/02/03 v1.0f TeX engine tests
))
\Gm@cnth=\count194
\Gm@cntv=\count195
\c@Gm@tempcnt=\count196
\Gm@bindingoffset=\dimen141
\Gm@wd@mp=\dimen142
\Gm@odd@mp=\dimen143
\Gm@even@mp=\dimen144
\Gm@layoutwidth=\dimen145
\Gm@layoutheight=\dimen146
\Gm@layouthoffset=\dimen147
\Gm@layoutvoffset=\dimen148
\Gm@dimlist=\toks18

(D:\Tools\LaTeX\tex/latex/geometry\geometry.cfg))
(D:\Tools\LaTeX\tex/latex/l3backend\l3backend-pdftex.def
File: l3backend-pdftex.def 2023-11-09 L3 backend support: PDF output (pdfTeX)
\l__color_backend_stack_int=\count197
\l__pdf_internal_box=\box51
) (RP.aux)
\openout1 = `RP.aux'.

LaTeX Font Info:    Checking defaults for OML/cmm/m/it on input line 10.
LaTeX Font Info:    ... okay on input line 10.
LaTeX Font Info:    Checking defaults for OMS/cmsy/m/n on input line 10.
LaTeX Font Info:    ... okay on input line 10.
LaTeX Font Info:    Checking defaults for OT1/cmr/m/n on input line 10.
LaTeX Font Info:    ... okay on input line 10.
LaTeX Font Info:    Checking defaults for T1/cmr/m/n on input line 10.
LaTeX Font Info:    ... okay on input line 10.
LaTeX Font Info:    Checking defaults for TS1/cmr/m/n on input line 10.
LaTeX Font Info:    ... okay on input line 10.
LaTeX Font Info:    Checking defaults for OMX/cmex/m/n on input line 10.
LaTeX Font Info:    ... okay on input line 10.
LaTeX Font Info:    Checking defaults for U/cmr/m/n on input line 10.
LaTeX Font Info:    ... okay on input line 10.

*geometry* driver: auto-detecting
*geometry* detected driver: pdftex
*geometry* verbose mode - [ preamble ] result:
* driver: pdftex
* paper: a4paper
* layout: <same size as paper>
* layoutoffset:(h,v)=(0.0pt,0.0pt)
* modes: 
* h-part:(L,W,R)=(99.58464pt, 398.3386pt, 99.58464pt)
* v-part:(T,H,B)=(99.58464pt, 645.87756pt, 99.58464pt)
* \paperwidth=597.50787pt
* \paperheight=845.04684pt
* \textwidth=398.3386pt
* \textheight=645.87756pt
* \oddsidemargin=27.31465pt
* \evensidemargin=27.31465pt
* \topmargin=-9.68535pt
* \headheight=12.0pt
* \headsep=25.0pt
* \topskip=10.0pt
* \footskip=30.0pt
* \marginparwidth=65.0pt
* \marginparsep=11.0pt
* \columnsep=10.0pt
* \skip\footins=9.0pt plus 4.0pt minus 2.0pt
* \hoffset=0.0pt
* \voffset=0.0pt
* \mag=1000
* \@twocolumnfalse
* \@twosidefalse
* \@mparswitchfalse
* \@reversemarginfalse
* (1in=72.27pt=25.4mm, 1cm=28.453pt)

LaTeX Font Info:    External font `cmex10' loaded for size
(Font)              <12> on input line 12.
LaTeX Font Info:    External font `cmex10' loaded for size
(Font)              <8> on input line 12.
LaTeX Font Info:    External font `cmex10' loaded for size
(Font)              <6> on input line 12.
[1

{C:/Users/wdsj2/AppData/Local/MiKTeX/fonts/map/pdftex/pdftex.map}]
LaTeX Font Info:    External font `cmex10' loaded for size
(Font)              <7> on input line 41.
LaTeX Font Info:    External font `cmex10' loaded for size
(Font)              <5> on input line 41.
 [2]
(RP.bbl [3]) [4] (RP.aux)
 ***********
LaTeX2e <2023-11-01>
L3 programming layer <2023-11-09>
 ***********
 ) 
Here is how much of TeX's memory you used:
 1098 strings out of 474586
 18111 string characters out of 5759750
 1935558 words of memory out of 5000000
 23333 multiletter control sequences out of 15000+600000
 562390 words of font info for 50 fonts, out of 8000000 for 9000
 1141 hyphenation exceptions out of 8191
 57i,5n,65p,1206b,220s stack positions out of 10000i,1000n,20000p,200000b,200000s
 <C:\Users\wdsj2\AppData\Local\MiKTeX\fonts/pk/ljfour/jknappen/ec/dpi600\tcrm
1000.pk><D:/Tools/LaTeX/fonts/type1/public/amsfonts/cm/cmbx12.pfb><D:/Tools/LaT
eX/fonts/type1/public/amsfonts/cm/cmmi10.pfb><D:/Tools/LaTeX/fonts/type1/public
/amsfonts/cm/cmmi7.pfb><D:/Tools/LaTeX/fonts/type1/public/amsfonts/cm/cmr10.pfb
><D:/Tools/LaTeX/fonts/type1/public/amsfonts/cm/cmr17.pfb><D:/Tools/LaTeX/fonts
/type1/public/amsfonts/cm/cmr7.pfb><D:/Tools/LaTeX/fonts/type1/public/amsfonts/
cm/cmsy10.pfb><D:/Tools/LaTeX/fonts/type1/public/amsfonts/cm/cmti10.pfb>
Output written on RP.pdf (4 pages, 123477 bytes).
PDF statistics:
 60 PDF objects out of 1000 (max. 8388607)
 0 named destinations out of 1000 (max. 500000)
 1 words of extra memory for PDF output out of 10000 (max. 10000000)

